[32mServing "public" at http://127.0.0.1:8080[39m
[36mReady for changes[39m
[0mGET /favicon.ico [33m404[0m 2.775 ms - 24[0m
[36mChange detected[39m public/scripts/app.js
[36mChange detected[39m public/scripts/app.js
[36mChange detected[39m public/scripts/app.js
[36mChange detected[39m public/scripts/app.js
[36mChange detected[39m public/scripts/app.js
[36mChange detected[39m public/scripts/app.js
[36mChange detected[39m public/scripts/app.js
[36mChange detected[39m public/scripts/app.js
[36mChange detected[39m public/scripts/app.js
[36mChange detected[39m public/scripts/app.js
[36mChange detected[39m public/scripts/app.js
[36mChange detected[39m public/scripts/app.js
[36mChange detected[39m public/scripts/app.js
[36mChange detected[39m public/scripts/app.js
[36mChange detected[39m public/scripts/app.js
[36mChange detected[39m public/scripts/app.js
[36mChange detected[39m public/scripts/app.js
[36mChange detected[39m public/scripts/app.js
[36mChange detected[39m public/scripts/app.js
[36mChange detected[39m public/scripts/app.js
[36mChange detected[39m public/scripts/app.js
[36mChange detected[39m public/scripts/app.js
[36mChange detected[39m public/scripts/app.js
[36mChange detected[39m public/scripts/app.js
[36mChange detected[39m public/scripts/app.js
[36mChange detected[39m public/scripts/app.js
[36mChange detected[39m public/scripts/app.js
[36mChange detected[39m public/scripts/app.js
[36mChange detected[39m public/scripts/app.js
[36mChange detected[39m public/scripts/app.js
[36mChange detected[39m public/scripts/app.js
[36mChange detected[39m public/scripts/app.js
[36mChange detected[39m public/scripts/app.js
[36mChange detected[39m public/scripts/app.js
[36mChange detected[39m public/scripts/app.js
[36mChange detected[39m public/scripts/app.js
[36mChange detected[39m public/scripts/app.js
[36mChange detected[39m public/scripts/app.js
[36mChange detected[39m public/scripts/app.js
[36mChange detected[39m public/scripts/app.js
[36mChange detected[39m public/scripts/app.js
[36mChange detected[39m public/scripts/app.js
[36mChange detected[39m public/scripts/app.js
[32mServing "public" at http://127.0.0.1:8080[39m
[36mReady for changes[39m
[0mGET /favicon.ico [33m404[0m 3.187 ms - 24[0m
[36mChange detected[39m public/scripts/app.js
[36mChange detected[39m public/scripts/app.js
[36mChange detected[39m public/scripts/app.js
[36mChange detected[39m public/scripts/app.js
[36mChange detected[39m public/scripts/app.js
[36mChange detected[39m public/scripts/app.js
[36mChange detected[39m public/scripts/app.js
[36mChange detected[39m public/scripts/app.js
[36mChange detected[39m public/scripts/app.js
[36mChange detected[39m public/scripts/app.js
[36mChange detected[39m public/scripts/app.js
[36mChange detected[39m public/scripts/app.js
[36mChange detected[39m public/scripts/app.js
[36mChange detected[39m public/scripts/app.js
[36mChange detected[39m public/scripts/app.js
[36mChange detected[39m public/scripts/app.js
[36mChange detected[39m public/scripts/app.js
[36mChange detected[39m public/scripts/app.js
[36mChange detected[39m public/scripts/app.js
[36mChange detected[39m public/scripts/app.js
[36mChange detected[39m public/scripts/app.js
[36mChange detected[39m public/scripts/app.js
[36mChange detected[39m public/scripts/app.js
[36mChange detected[39m public/scripts/app.js
[36mChange detected[39m public/scripts/app.js
[36mChange detected[39m public/scripts/app.js
[36mChange detected[39m public/scripts/app.js
[36mChange detected[39m public/scripts/app.js
[36mChange detected[39m public/scripts/app.js
[36mChange detected[39m public/scripts/app.js
[36mChange detected[39m public/scripts/app.js
[36mChange detected[39m public/scripts/app.js
[36mChange detected[39m public/scripts/app.js
[36mChange detected[39m public/scripts/app.js
[36mChange detected[39m public/scripts/app.js
[36mChange detected[39m public/scripts/app.js
[36mChange detected[39m public/scripts/app.js
[36mChange detected[39m public/scripts/app.js
[36mChange detected[39m public/scripts/app.js
[36mChange detected[39m public/scripts/app.js
[36mChange detected[39m public/scripts/app.js
[36mChange detected[39m public/scripts/app.js
[36mChange detected[39m public/scripts/app.js
[36mChange detected[39m public/scripts/app.js
[36mChange detected[39m public/scripts/app.js
[36mChange detected[39m public/scripts/app.js
[32mServing "public" at http://127.0.0.1:8080[39m
[36mReady for changes[39m
[0mGET /favicon.ico [33m404[0m 3.373 ms - 24[0m
[36mChange detected[39m public/scripts/app.js
[36mChange detected[39m public/scripts/app.js
[36mChange detected[39m public/scripts/app.js
[36mChange detected[39m public/scripts/app.js
[36mChange detected[39m public/scripts/app.js
[36mChange detected[39m public/scripts/app.js
[36mChange detected[39m public/scripts/app.js
[36mChange detected[39m public/scripts/app.js
[36mChange detected[39m public/scripts/app.js
[36mChange detected[39m public/scripts/app.js
[36mChange detected[39m public/scripts/app.js
[32mServing "public" at http://127.0.0.1:8080[39m
[36mReady for changes[39m
[0mGET /favicon.ico [33m404[0m 4.329 ms - 24[0m
[36mChange detected[39m public/scripts/app.js
[36mChange detected[39m public/scripts/app.js
[36mChange detected[39m public/scripts/app.js
[36mChange detected[39m public/scripts/app.js
[36mChange detected[39m public/scripts/app.js
[36mChange detected[39m public/scripts/app.js
[36mChange detected[39m public/scripts/app.js
[36mChange detected[39m public/scripts/app.js
[36mChange detected[39m public/scripts/app.js
[36mChange detected[39m public/scripts/app.js
[36mChange detected[39m public/scripts/app.js
[36mChange detected[39m public/scripts/app.js
[36mChange detected[39m public/scripts/app.js
[36mChange detected[39m public/scripts/app.js
[36mChange detected[39m public/scripts/app.js
[36mChange detected[39m public/scripts/app.js
[36mChange detected[39m public/scripts/app.js
[36mChange detected[39m public/scripts/app.js
[36mChange detected[39m public/scripts/app.js
[36mChange detected[39m public/scripts/app.js
[36mChange detected[39m public/scripts/app.js
[36mChange detected[39m public/scripts/app.js
[36mChange detected[39m public/scripts/app.js
[36mChange detected[39m public/scripts/app.js
[36mChange detected[39m public/scripts/app.js
[36mChange detected[39m public/scripts/app.js
[36mChange detected[39m public/scripts/app.js
[36mChange detected[39m public/scripts/app.js
[36mChange detected[39m public/scripts/app.js
[36mChange detected[39m public/scripts/app.js
[36mChange detected[39m public/scripts/app.js
[36mChange detected[39m public/scripts/app.js
[36mChange detected[39m public/scripts/app.js
[36mChange detected[39m public/scripts/app.js
[36mChange detected[39m public/scripts/app.js
[36mChange detected[39m public/scripts/app.js
[36mChange detected[39m public/scripts/app.js
[36mChange detected[39m public/scripts/app.js
[36mChange detected[39m public/scripts/app.js
[36mChange detected[39m public/scripts/app.js
[36mChange detected[39m public/scripts/app.js
[36mChange detected[39m public/scripts/app.js
[36mChange detected[39m public/scripts/app.js
[36mChange detected[39m public/scripts/app.js
[36mChange detected[39m public/scripts/app.js
[36mChange detected[39m public/scripts/app.js
[36mChange detected[39m public/scripts/app.js
[36mChange detected[39m public/scripts/app.js
[36mChange detected[39m public/scripts/app.js
[36mChange detected[39m public/scripts/app.js
[36mChange detected[39m public/scripts/app.js
[36mChange detected[39m public/scripts/app.js
[36mChange detected[39m public/scripts/app.js
[36mChange detected[39m public/scripts/app.js
[36mChange detected[39m public/scripts/app.js
[36mChange detected[39m public/scripts/app.js
[36mChange detected[39m public/scripts/app.js
[36mChange detected[39m public/scripts/app.js
[36mChange detected[39m public/scripts/app.js
[36mChange detected[39m public/scripts/app.js
[36mChange detected[39m public/scripts/app.js
[36mChange detected[39m public/scripts/app.js
[36mChange detected[39m public/scripts/app.js
[36mChange detected[39m public/scripts/app.js
[36mChange detected[39m public/scripts/app.js
[36mChange detected[39m public/scripts/app.js
[36mChange detected[39m public/scripts/app.js
[36mChange detected[39m public/scripts/app.js
[36mChange detected[39m public/scripts/app.js
[36mChange detected[39m public/scripts/app.js
[36mChange detected[39m public/scripts/app.js
[36mChange detected[39m public/scripts/app.js
[36mChange detected[39m public/scripts/app.js
[36mChange detected[39m public/scripts/app.js
[36mChange detected[39m public/scripts/app.js
[36mChange detected[39m public/scripts/app.js
[36mChange detected[39m public/scripts/app.js
[36mChange detected[39m public/scripts/app.js
[36mChange detected[39m public/scripts/app.js
[36mChange detected[39m public/scripts/app.js
[36mChange detected[39m public/scripts/app.js
[36mChange detected[39m public/scripts/app.js
[36mChange detected[39m public/scripts/app.js
[36mChange detected[39m public/scripts/app.js
[36mChange detected[39m public/scripts/app.js
[36mChange detected[39m public/scripts/app.js
[36mChange detected[39m public/scripts/app.js
[36mChange detected[39m public/scripts/app.js
[36mChange detected[39m public/scripts/app.js
[36mChange detected[39m public/scripts/app.js
[36mChange detected[39m public/scripts/app.js
[36mChange detected[39m public/scripts/app.js
[36mChange detected[39m public/scripts/app.js
[36mChange detected[39m public/scripts/app.js
[36mChange detected[39m public/scripts/app.js
[36mChange detected[39m public/scripts/app.js
[36mChange detected[39m public/scripts/app.js
[36mChange detected[39m public/scripts/app.js
[36mChange detected[39m public/scripts/app.js
[36mChange detected[39m public/scripts/app.js
[36mChange detected[39m public/scripts/app.js
[36mChange detected[39m public/scripts/app.js
[36mChange detected[39m public/scripts/app.js
[36mChange detected[39m public/scripts/app.js
[36mChange detected[39m public/scripts/app.js
[36mChange detected[39m public/scripts/app.js
[36mChange detected[39m public/scripts/app.js
[32mServing "public" at http://127.0.0.1:8080[39m
[36mReady for changes[39m
[0mGET /favicon.ico [33m404[0m 8.826 ms - 24[0m
[36mChange detected[39m public/scripts/app.js
[36mChange detected[39m public/scripts/app.js
[36mChange detected[39m public/scripts/app.js
[36mChange detected[39m public/scripts/app.js
[36mChange detected[39m public/scripts/app.js
[36mChange detected[39m public/scripts/app.js
[36mChange detected[39m public/scripts/app.js
[36mChange detected[39m public/scripts/app.js
[36mChange detected[39m public/scripts/app.js
[36mChange detected[39m public/scripts/app.js
[36mChange detected[39m public/scripts/app.js
[36mChange detected[39m public/scripts/app.js
[36mChange detected[39m public/scripts/app.js
[36mChange detected[39m public/scripts/app.js
[36mChange detected[39m public/scripts/app.js
[36mChange detected[39m public/scripts/app.js
[36mChange detected[39m public/scripts/app.js
[36mChange detected[39m public/scripts/app.js
[36mChange detected[39m public/scripts/app.js
[36mChange detected[39m public/scripts/app.js
[36mChange detected[39m public/scripts/app.js
[36mChange detected[39m public/scripts/app.js
[36mChange detected[39m public/scripts/app.js
[36mChange detected[39m public/scripts/app.js
[36mChange detected[39m public/scripts/app.js
[36mChange detected[39m public/scripts/app.js
[36mChange detected[39m public/scripts/app.js
[36mChange detected[39m public/scripts/app.js
[36mChange detected[39m public/scripts/app.js
[36mChange detected[39m public/scripts/app.js
[36mChange detected[39m public/scripts/app.js
[36mChange detected[39m public/scripts/app.js
[36mChange detected[39m public/scripts/app.js
[36mChange detected[39m public/scripts/app.js
[36mChange detected[39m public/scripts/app.js
[36mChange detected[39m public/scripts/app.js
[36mChange detected[39m public/scripts/app.js
[32mServing "public/" at http://127.0.0.1:8080[39m
[36mReady for changes[39m
[36mChange detected[39m public/scripts/app.js
[36mChange detected[39m public/scripts/app.js
[36mChange detected[39m public/scripts/app.js
[36mChange detected[39m public/scripts/app.js
[36mChange detected[39m public/scripts/app.js
[32mServing "public/" at http://127.0.0.1:8080[39m
[36mReady for changes[39m
[36mChange detected[39m public/scripts/app.js
